[2016-02-22 15:19:24 PM root INFO atm]:  query credit card account [4392600137250001] info success...
[2016-02-22 15:20:35 PM root INFO atm]:  query credit card account [4392600137250002] info success...
[2016-02-22 15:20:49 PM root INFO atm]:  query credit card account info, not found [4392600137250003]
[2016-02-22 15:25:46 PM root INFO atm]:  query credit card account info, not found [4392600137250003]
[2016-02-22 15:27:41 PM root INFO atm]:  query credit card account info, not found [4392600137250005]
[2016-02-22 15:31:12 PM root INFO atm]:  query credit card account info, not found [4392600137250005]
[2016-02-22 15:31:39 PM root INFO atm]:  query credit card account info, not found [4392600137250005]
[2016-02-22 15:31:46 PM root INFO atm]:  query credit card account info, not found [4392600137250005]
[2016-02-22 15:33:35 PM root INFO atm]:  query credit card account info, not found [4392600137250005]
[2016-02-22 15:36:18 PM root INFO atm]:  query credit card account info, not found [4392600137250005]
[2016-02-22 15:39:51 PM root INFO atm]:  exit login module success...
[2016-02-22 15:40:53 PM root INFO atm]:  exit login module success...
[2016-02-22 15:41:12 PM root INFO atm]:  query credit card account info, not found [4392600137250005]
[2016-02-22 15:41:24 PM root INFO atm]:  query credit card account [4392600137250001] info success...
[2016-02-22 15:43:00 PM root INFO atm]:  query credit card account info, not found [4392600137250005]
[2016-02-22 15:43:05 PM root INFO atm]:  query credit card account [4392600137250001] info success...
[2016-02-22 15:44:30 PM root INFO atm]:  query credit card account [4392600137250001] info success...
[2016-02-22 15:44:30 PM root INFO atm]:  login card account [4392600137250001] failed...
[2016-02-22 15:45:40 PM root INFO atm]:  query credit card account [4392600137250001] info success...
[2016-02-22 15:45:40 PM root INFO atm]:  login card account [4392600137250001] failed...
[2016-02-22 15:45:43 PM root INFO atm]:  query credit card account [4392600137250001] info success...
[2016-02-22 15:45:43 PM root INFO atm]:  login card account [4392600137250001] failed...
[2016-02-22 15:45:47 PM root INFO atm]:  query credit card account [4392600137250001] info success...
[2016-02-22 15:45:47 PM root INFO atm]:  login card account [4392600137250001] failed...
[2016-02-22 15:45:54 PM root INFO atm]:  query credit card account [4392600137250001] info success...
[2016-02-22 15:49:34 PM root INFO atm]:  query credit card account [4392600137250001] info success...
[2016-02-22 15:49:34 PM root INFO atm]:  login card account [4392600137250001] failed...
[2016-02-22 15:49:37 PM root INFO atm]:  query credit card account [4392600137250001] info success...
[2016-02-22 15:49:37 PM root INFO atm]:  login card account [4392600137250001] failed...
[2016-02-22 15:49:41 PM root INFO atm]:  query credit card account [4392600137250001] info success...
[2016-02-22 15:49:41 PM root INFO atm]:  login card account [4392600137250001] failed...
[2016-02-22 15:49:41 PM root INFO atm]:  card account [4392600137250001] is locked due to 3 failed retry...
[2016-02-22 15:55:39 PM root INFO atm]:  query credit card account [4392600137250001] info success...
[2016-02-22 15:55:39 PM root INFO atm]:  login card account [4392600137250001] failed, wrong password...
[2016-02-22 15:55:44 PM root INFO atm]:  query credit card account [4392600137250001] info success...
[2016-02-22 15:55:44 PM root INFO atm]:  login card account [4392600137250001] failed, wrong password...
[2016-02-22 15:55:48 PM root INFO atm]:  query credit card account [4392600137250001] info success...
[2016-02-22 15:55:48 PM root INFO atm]:  login card account [4392600137250001] failed, wrong password...
[2016-02-22 15:55:48 PM root INFO atm]:  card account [4392600137250001] is locked due to 3 failed retry...
[2016-02-22 15:56:08 PM root INFO atm]:  query credit card account [4392600137250001] info success...
[2016-02-22 16:25:27 PM root INFO atm]:  query credit card account [4392600137250001] info success...
[2016-02-22 16:25:27 PM root INFO atm]:  login card account [4392600137250001] info success...
[2016-02-22 16:31:58 PM root INFO atm]:  query credit card account [4392600137250001] info success...
[2016-02-22 16:31:58 PM root INFO atm]:  login card account [4392600137250001] info success...
[2016-02-22 16:34:04 PM root INFO atm]:  query credit card account [4392600137250001] info success...
[2016-02-22 16:34:04 PM root INFO atm]:  login card account [4392600137250001] info success...
[2016-02-22 16:34:49 PM root INFO atm]:  query credit card account [4392600137250001] info success...
[2016-02-22 16:34:49 PM root INFO atm]:  login card account [4392600137250001] info success...
[2016-02-22 16:36:08 PM root INFO atm]:  query credit card account [4392600137250001] info success...
[2016-02-22 16:36:08 PM root INFO atm]:  login card account [4392600137250001] info success...
[2016-02-22 16:37:58 PM root INFO atm]:  query credit card account [4392600137250001] info success...
[2016-02-22 16:37:58 PM root INFO atm]:  login card account [4392600137250001] info success...
[2016-02-22 16:38:19 PM root INFO atm]:  query credit card account [4392600137250001] info success...
[2016-02-22 16:38:19 PM root INFO atm]:  login card account [4392600137250001] info success...
[2016-02-22 16:38:50 PM root INFO atm]:  query credit card account [4392600137250001] info success...
[2016-02-22 16:38:50 PM root INFO atm]:  login card account [4392600137250001] info success...
[2016-02-22 16:38:56 PM root INFO atm]:  withdraw cash 3000.0 from account [4392600137250001] success...
[2016-02-22 16:41:07 PM root INFO atm]:  query credit card account [4392600137250001] info success...
[2016-02-22 16:41:07 PM root INFO atm]:  login card account [4392600137250001] info success...
[2016-02-22 16:41:12 PM root INFO atm]:  withdraw cash 3000.0 from account [4392600137250001] success...
[2016-02-22 16:43:45 PM root INFO atm]:  query credit card account [4392600137250001] info success...
[2016-02-22 16:43:45 PM root INFO atm]:  login card account [4392600137250001] info success...
[2016-02-22 16:43:48 PM root INFO atm]:  withdraw cash 3000.0 from account [4392600137250001] success...
[2016-02-22 16:53:34 PM root INFO atm]:  query credit card account [4392600137250001] info success...
[2016-02-22 16:53:34 PM root INFO atm]:  login card account [4392600137250001] info success...
[2016-02-22 16:53:46 PM root INFO atm]:  query credit card account info, not found [43926001372500016603]
[2016-02-22 16:55:46 PM root INFO atm]:  query credit card account [4392600137250001] info success...
[2016-02-22 16:55:46 PM root INFO atm]:  login card account [4392600137250001] info success...
[2016-02-22 16:56:01 PM root INFO atm]:  query credit card account info, not found [43926001372500013825]
[2016-02-22 16:56:01 PM root INFO atm]:  transfer cash 500000 from account [4392600137250001] to account [43926001372500013825] success...
[2016-02-22 17:03:04 PM root INFO atm]:  query credit card account [4392600137250001] info success...
[2016-02-22 17:03:04 PM root INFO atm]:  login card account [4392600137250001] info success...
[2016-02-22 17:03:20 PM root INFO atm]:  transfer cash 50000 from account [4392600137250001] to account [4392600137250001xxxx] failed, insufficient credit limit...
[2016-02-22 17:03:34 PM root INFO atm]:  query credit card account [4392600137250001] info success...
[2016-02-22 17:03:34 PM root INFO atm]:  login card account [4392600137250001] info success...
[2016-02-22 17:03:44 PM root INFO atm]:  query credit card account info, not found [4392600137250001xxxx]
[2016-02-22 17:03:44 PM root INFO atm]:  transfer cash 3000 from account [4392600137250001] to account [4392600137250001xxxx] success...
[2016-02-22 17:05:44 PM root INFO atm]:  query credit card account [4392600137250001] info success...
[2016-02-22 17:05:44 PM root INFO atm]:  login card account [4392600137250001] info success...
[2016-02-22 17:05:53 PM root INFO atm]:  transfer cash 500000 from account [4392600137250001] to account [4392600137250004] failed, insufficient credit limit...
[2016-02-22 17:06:01 PM root INFO atm]:  query credit card account [4392600137250001] info success...
[2016-02-22 17:06:01 PM root INFO atm]:  login card account [4392600137250001] info success...
[2016-02-22 17:06:09 PM root INFO atm]:  query credit card account [4392600137250004] info success...
[2016-02-22 17:06:09 PM root INFO atm]:  transfer cash 3000 from account [4392600137250001] to account [4392600137250004] success...
[2016-02-22 17:07:32 PM root INFO atm]:  query credit card account [4392600137250001] info success...
[2016-02-22 17:07:32 PM root INFO atm]:  login card account [4392600137250001] info success...
[2016-02-22 17:07:38 PM root INFO atm]:  query credit card account [4392600137250004] info success...
[2016-02-22 17:07:38 PM root INFO atm]:  transfer cash 3000 from account [4392600137250001] to account [4392600137250004] success...
[2016-02-22 17:34:08 PM root INFO atm]:  query credit card account [4392600137250001] info success...
[2016-02-22 17:34:08 PM root INFO atm]:  login card account [4392600137250001] info success...
[2016-02-22 22:22:32 PM root INFO atm]:  Add new credit card account [4392600137250005] success...
[2016-02-22 22:24:05 PM root INFO atm]:  Add new credit card account [4392600137250005] success...
[2016-02-22 22:34:36 PM root INFO atm]:  Ajust credit card limit [4392600137250001] success...
[2016-02-22 22:35:59 PM root INFO atm]:  Adjust credit card limit [4392600137250001] success...
[2016-02-22 22:38:24 PM root INFO atm]:  query credit card account [4392600137250001] info success...
[2016-02-22 22:38:33 PM root INFO atm]:  Adjust credit card limit [4392600137250001] success...
[2016-02-22 22:38:40 PM root INFO atm]:  query credit card account info, not found [4392600137250008]
[2016-02-22 22:46:49 PM root INFO atm]:  query credit card account [4392600137250002] info success...
[2016-02-22 22:46:55 PM root INFO atm]:  Lock credit card  [4392600137250002] success...
[2016-02-22 22:50:26 PM root INFO atm]:  query credit card account [4392600137250002] info success...
[2016-02-22 22:51:24 PM root INFO atm]:  query credit card account [4392600137250002] info success...
[2016-02-22 22:51:55 PM root INFO atm]:  Ulock credit card  [4392600137250002] success...
[2016-02-22 22:52:07 PM root INFO atm]:  query credit card account [4392600137250002] info success...
[2016-02-22 22:52:11 PM root INFO atm]:  Lock credit card  [4392600137250002] success...
[2016-02-23 14:34:03 PM root INFO atm]:  query credit card account [4392600137250001] info success...
[2016-02-23 14:34:03 PM root INFO atm]:  login card account [4392600137250001] info success...
[2016-02-23 14:51:54 PM root INFO atm]:  query credit card account [4392600137250001] info success...
[2016-02-23 14:51:54 PM root INFO atm]:  login card account [4392600137250001] info success...
[2016-02-23 14:58:14 PM root INFO atm]:  query credit card account [4392600137250001] info success...
[2016-02-23 14:58:14 PM root INFO atm]:  login card account [4392600137250001] info success...
[2016-02-23 14:58:14 PM root INFO atm]:  pay 5000 from account [4392600137250001] success...
[2016-02-23 15:00:13 PM root INFO atm]:  query credit card account [4392600137250001] info success...
[2016-02-23 15:00:13 PM root INFO atm]:  login card account [4392600137250001] info success...
[2016-02-23 15:00:13 PM root INFO atm]:  pay 10 from account [4392600137250001] success...
[2016-02-23 15:00:22 PM root INFO atm]:  exit login module success...
[2016-02-23 15:02:04 PM root INFO atm]:  query credit card account [4392600137250001] info success...
[2016-02-23 15:02:04 PM root INFO atm]:  login card account [4392600137250001] info success...
[2016-02-23 15:02:04 PM root INFO atm]:  pay 10 from account [4392600137250001] success...
[2016-02-23 15:02:12 PM root INFO atm]:  exit login module success...
[2016-02-23 15:03:46 PM root INFO atm]:  query credit card account [4392600137250001] info success...
[2016-02-23 15:03:46 PM root INFO atm]:  login card account [4392600137250001] info success...
[2016-02-23 15:03:46 PM root INFO atm]:  pay 10 from account [4392600137250001] success...
[2016-02-23 15:04:06 PM root INFO atm]:  query credit card account [4392600137250001] info success...
[2016-02-23 15:04:06 PM root INFO atm]:  login card account [4392600137250001] info success...
[2016-02-23 15:08:29 PM root INFO atm]:  query credit card account [4392600137250001] info success...
[2016-02-23 15:08:29 PM root INFO atm]:  login card account [4392600137250001] info success...
[2016-02-23 15:08:29 PM root INFO atm]:  pay 10 from account [4392600137250001] success...
[2016-02-23 15:10:56 PM root INFO atm]:  query credit card account [4392600137250001] info success...
[2016-02-23 15:10:56 PM root INFO atm]:  login card account [4392600137250001] info success...
[2016-02-23 15:10:56 PM root INFO atm]:  pay 10 from account [4392600137250001] success...
[2016-02-23 15:14:00 PM root INFO atm]:  query credit card account [4392600137250001] info success...
[2016-02-23 15:14:00 PM root INFO atm]:  login card account [4392600137250001] info success...
[2016-02-23 15:14:00 PM root INFO atm]:  pay 10 from account [4392600137250001] success...
[2016-02-23 15:14:50 PM root INFO atm]:  query credit card account [4392600137250001] info success...
[2016-02-23 15:14:50 PM root INFO atm]:  login card account [4392600137250001] info success...
[2016-02-23 16:02:51 PM root INFO atm]:  query credit card account [4392600137250001] info success...
[2016-02-23 16:02:51 PM root INFO atm]:  login card account [4392600137250001] info success...
[2016-02-23 16:02:51 PM root INFO atm]:  pay 3887.0 from account [4392600137250001] success...
[2016-02-23 16:27:02 PM root INFO atm]:  query credit card account [4392600137250003] info success...
[2016-02-23 16:27:02 PM root INFO atm]:  login card account [4392600137250003] info success...
[2016-02-23 16:27:10 PM root INFO atm]:  query credit card account [4392600137250003] info success...
[2016-02-23 16:27:46 PM root INFO atm]:  query credit card account [4392600137250003] info success...
[2016-02-23 16:27:46 PM root INFO atm]:  login card account [4392600137250003] info success...
[2016-02-23 16:30:57 PM root INFO atm]:  query credit card account [4392600137250003] info success...
[2016-02-23 16:30:57 PM root INFO atm]:  login card account [4392600137250003] info success...
[2016-02-23 16:31:04 PM root INFO atm]:  query credit card account [4392600137250003] info success...
[2016-02-23 16:52:07 PM root INFO atm]:  query credit card account [4392600137250001] info success...
[2016-02-23 16:52:07 PM root INFO atm]:  login card account [4392600137250001] info success...
[2016-02-23 16:52:10 PM root INFO atm]:  query credit card account [4392600137250001] detailinfo success...
[2016-02-23 16:56:33 PM root INFO atm]:  query credit card account [4392600137250001] info success...
[2016-02-23 16:56:33 PM root INFO atm]:  login card account [4392600137250001] info success...
[2016-02-23 16:56:34 PM root INFO atm]:  query credit card account [4392600137250001] detailinfo success...
[2016-02-23 16:56:53 PM root INFO atm]:  query credit card account [4392600137250001] info success...
[2016-02-23 16:56:53 PM root INFO atm]:  login card account [4392600137250001] info success...
[2016-02-23 16:56:54 PM root INFO atm]:  query credit card account [4392600137250001] detailinfo success...
[2016-02-23 16:58:20 PM root INFO atm]:  query credit card account [4392600137250004] info success...
[2016-02-23 16:58:20 PM root INFO atm]:  login card account [4392600137250004] info success...
[2016-02-23 16:58:21 PM root INFO atm]:  query credit card account [4392600137250004] detailinfo success...
[2016-02-23 17:00:59 PM root INFO atm]:  query credit card account [4392600137250001] info success...
[2016-02-23 17:00:59 PM root INFO atm]:  login card account [4392600137250001] info success...
[2016-02-23 17:01:50 PM root INFO atm]:  query credit card account [4392600137250001] info success...
[2016-02-23 17:01:50 PM root INFO atm]:  login card account [4392600137250001] info success...
[2016-02-23 17:02:00 PM root INFO atm]:  query credit card account info, not found [4392600137250001xxxx]
[2016-02-23 17:02:00 PM root INFO atm]:  transfer cash 1 from account [4392600137250001] to account [4392600137250001xxxx] success...
[2016-02-23 17:02:30 PM root INFO atm]:  query credit card account [4392600137250001] info success...
[2016-02-23 17:02:30 PM root INFO atm]:  login card account [4392600137250001] info success...
[2016-02-23 17:02:33 PM root INFO atm]:  query credit card account [4392600137250001] detailinfo success...
[2016-02-23 17:06:45 PM root INFO atm]:  query credit card account [4392600137250001] info success...
[2016-02-23 17:06:45 PM root INFO atm]:  login card account [4392600137250001] info success...
[2016-02-23 17:07:09 PM root INFO atm]:  withdraw cash 1.0 from account [4392600137250001] success...
[2016-02-23 17:07:19 PM root INFO atm]:  query credit card account [4392600137250001] detailinfo success...
[2016-02-23 17:08:41 PM root INFO atm]:  query credit card account [4392600137250002] info success...
[2016-02-23 17:08:41 PM root INFO atm]:  transfer cash 51.95 from account [4392600137250001] to account [4392600137250002] success...
[2016-02-23 17:08:46 PM root INFO atm]:  query credit card account [4392600137250001] detailinfo success...
[2016-02-23 17:09:15 PM root INFO atm]:  query credit card account [4392600137250002] info success...
[2016-02-23 17:09:15 PM root INFO atm]:  login card account [4392600137250002] info success...
[2016-02-23 17:09:16 PM root INFO atm]:  query credit card account [4392600137250002] detailinfo success...
[2016-02-23 17:33:58 PM root INFO atm]:  query credit card account [4392600137250001] info success...
[2016-02-23 17:34:10 PM root INFO atm]:  Add new credit card account [4392600137250001] success...
[2016-02-23 17:36:09 PM root INFO atm]:  query credit card account [4392600137250001] info success...
[2016-02-23 17:37:10 PM root INFO atm]:  query credit card account [4392600137250001] info success...
[2016-02-23 17:38:18 PM root INFO atm]:  query credit card account [4392600137250001] info success...
[2016-02-23 17:38:27 PM root INFO atm]:  Adjust credit card limit [4392600137250001] success...
[2016-02-23 17:38:56 PM root INFO atm]:  query credit card account [4392600137250001] info success...
[2016-02-23 17:39:04 PM root INFO atm]:  Lock credit card  [4392600137250001] success...
[2016-02-23 17:39:11 PM root INFO atm]:  query credit card account [4392600137250001] info success...
[2016-02-23 17:39:14 PM root INFO atm]:  Ulock credit card  [4392600137250001] success...
[2016-02-23 17:59:05 PM root INFO atm]:  query credit card account [4392600137250005] info success...
[2016-02-23 17:59:05 PM root INFO atm]:  login card account [4392600137250005] info success...
[2016-02-23 17:59:08 PM root INFO atm]:  query credit card account [4392600137250005] detailinfo success...
[2016-02-23 18:00:38 PM root INFO atm]:  query credit card account [4392600137250005] info success...
[2016-02-23 18:00:38 PM root INFO atm]:  login card account [4392600137250005] info success...
[2016-02-23 18:00:41 PM root INFO atm]:  query credit card account [4392600137250005] detailinfo success...
[2016-02-23 18:00:54 PM root INFO atm]:  query credit card account [4392600137250005] info success...
[2016-02-23 18:00:54 PM root INFO atm]:  login card account [4392600137250005] info success...
[2016-02-23 18:03:25 PM root INFO atm]:  query credit card account [4392600137250005] info success...
[2016-02-23 18:03:25 PM root INFO atm]:  login card account [4392600137250005] info success...
[2016-02-23 18:05:11 PM root INFO atm]:  query credit card account [4392600137250005] info success...
[2016-02-23 18:05:11 PM root INFO atm]:  login card account [4392600137250005] info success...
[2016-02-23 18:06:27 PM root INFO atm]:  query credit card account [4392600137250005] info success...
[2016-02-23 18:06:27 PM root INFO atm]:  login card account [4392600137250005] info success...
[2016-02-23 18:07:02 PM root INFO atm]:  query credit card account [4392600137250005] detailinfo success...
[2016-02-23 18:08:44 PM root INFO atm]:  query credit card account [4392600137250005] info success...
[2016-02-23 18:08:44 PM root INFO atm]:  login card account [4392600137250005] info success...
[2016-02-23 18:08:46 PM root INFO atm]:  query credit card account [4392600137250005] detailinfo success...
[2016-02-23 18:09:15 PM root INFO atm]:  query credit card account [4392600137250005] detailinfo success...
[2016-02-23 18:16:17 PM root INFO atm]:  query credit card account [4392600137250005] info success...
[2016-02-23 18:16:17 PM root INFO atm]:  login card account [4392600137250005] info success...
[2016-02-23 18:16:19 PM root INFO atm]:  query credit card account [4392600137250005] detailinfo success...
[2016-02-23 18:17:06 PM root INFO atm]:  repay -10.0 for account [4392600137250005] success...
[2016-02-23 18:17:11 PM root INFO atm]:  query credit card account [4392600137250005] detailinfo success...
[2016-02-22 21:17:27 PM root INFO atm]:  query credit card account [4392600137250001] info success...
[2016-02-22 21:17:37 PM root INFO atm]:  query credit card account info, not found [4392600137250006]
[2016-02-22 21:17:49 PM root INFO atm]:  Add new credit card account [4392600137250006] success...
[2016-02-22 21:19:45 PM root INFO atm]:  query credit card account [4392600137250006] info success...
[2016-02-22 21:19:45 PM root INFO atm]:  login card account [4392600137250006] info success...
[2016-02-22 21:19:48 PM root INFO atm]:  query credit card account [4392600137250006] detailinfo success...
[2016-02-22 22:28:25 PM root INFO atm]:  generate bill for account [4392600137250005] success...
[2016-02-22 22:33:20 PM root INFO atm]:  repay -300.0 for account [4392600137250005] success...
[2016-02-22 22:38:29 PM root INFO atm]:  repay -200.0 for account [4392600137250005] success...
[2016-02-22 22:39:01 PM root INFO atm]:  repay -200.0 for account [4392600137250005] success...
[2016-02-22 22:41:04 PM root INFO atm]:  repay -200.0 for account [4392600137250005] success...
[2016-02-22 22:42:31 PM root INFO atm]:  repay -200.0 for account [4392600137250005] success...
[2016-02-22 22:45:02 PM root INFO atm]:  repay -200.0 for account [4392600137250005] success...
[2016-02-22 22:51:05 PM root INFO atm]:  repay -200.0 for account [4392600137250005] success...
[2016-02-22 22:52:45 PM root INFO atm]:  repay -200.0 for account [4392600137250005] success...
[2016-02-22 22:54:36 PM root INFO atm]:  repay -200.0 for account [4392600137250005] success...
[2016-02-22 22:57:24 PM root INFO atm]:  repay -200.0 for account [4392600137250005] success...
[2016-02-22 22:58:49 PM root INFO atm]:  repay -200.0 for account [4392600137250005] success...
[2016-02-22 23:09:20 PM root INFO atm]:  generate bill for account [4392600137250005] success...
[2016-02-22 23:26:21 PM root INFO atm]:  generate bill for account [4392600137250005] success...
[2016-02-22 23:35:59 PM root INFO atm]:  generate bill for account [4392600137250005] success...
[2016-02-22 23:37:41 PM root INFO atm]:  generate bill for account [4392600137250005] success...
[2016-02-22 23:40:14 PM root INFO atm]:  repay -2000.0 for account [4392600137250005] success...
[2016-02-27 08:30:57 AM root INFO atm]:  query credit card account [4392600137250004] info success...
[2016-02-27 08:30:57 AM root INFO atm]:  login card account [4392600137250004] info success...
[2016-02-27 08:31:06 AM root INFO atm]:  query credit card account [4392600137250004] detailinfo success...
[2016-02-27 08:32:03 AM root INFO atm]:  withdraw cash 50.0 from account [4392600137250004] success...
[2016-02-27 08:32:12 AM root INFO atm]:  query credit card account [4392600137250004] detailinfo success...
[2016-02-27 08:33:01 AM root INFO atm]:  repay -500.0 for account [4392600137250004] success...
[2016-02-27 08:33:42 AM root INFO atm]:  query credit card account [4392600137250004] detailinfo success...
[2016-02-27 08:35:41 AM root INFO atm]:  query credit card account [4392600137250001] info success...
[2016-02-27 08:35:41 AM root INFO atm]:  login card account [4392600137250001] info success...
[2016-02-27 08:35:43 AM root INFO atm]:  query credit card account [4392600137250001] detailinfo success...
[2016-02-27 08:36:07 AM root INFO atm]:  query credit card account [4392600137250004] info success...
[2016-02-27 08:36:07 AM root INFO atm]:  login card account [4392600137250004] info success...
[2016-02-27 08:36:09 AM root INFO atm]:  query credit card account [4392600137250004] detailinfo success...
[2016-02-27 08:36:53 AM root INFO atm]:  query credit card account [4392600137250004] info success...
[2016-02-27 08:36:53 AM root INFO atm]:  login card account [4392600137250004] info success...
[2016-02-27 08:36:55 AM root INFO atm]:  query credit card account [4392600137250004] detailinfo success...
[2016-02-27 11:04:39 AM root INFO atm]:  query credit card account [4392600137250004] info success...
[2016-02-27 11:04:39 AM root INFO atm]:  login card account [4392600137250004] info success...
[2016-02-27 11:04:41 AM root INFO atm]:  query credit card account [4392600137250004] detailinfo success...
[2016-02-27 11:05:03 AM root INFO atm]:  repay -30.0 for account [4392600137250004] success...
[2016-02-27 11:05:15 AM root INFO atm]:  query credit card account [4392600137250004] detailinfo success...
[2016-02-27 11:06:54 AM root INFO atm]:  generate bill for account [4392600137250005] success...
[2016-02-27 11:06:54 AM root INFO atm]:  repay -300.0 for account [4392600137250005] success...
[2016-02-27 11:06:54 AM root INFO atm]:  repay -200.0 for account [4392600137250005] success...
[2016-02-27 11:06:54 AM root INFO atm]:  generate bill for account [4392600137250005] success...
[2016-02-27 11:06:54 AM root INFO atm]:  repay -2000.0 for account [4392600137250005] success...
[2016-02-27 11:08:08 AM root INFO atm]:  generate bill for account [4392600137250005] success...
[2016-02-27 11:08:08 AM root INFO atm]:  repay -300.0 for account [4392600137250005] success...
[2016-02-27 11:08:08 AM root INFO atm]:  repay -200.0 for account [4392600137250005] success...
[2016-02-27 11:08:08 AM root INFO atm]:  generate bill for account [4392600137250005] success...
[2016-02-27 11:08:08 AM root INFO atm]:  repay -2000.0 for account [4392600137250005] success...
[2016-02-27 11:13:00 AM root INFO atm]:  generate bill for account [4392600137250005] success...
[2016-02-27 11:15:00 AM root INFO atm]:  generate bill for account [4392600137250005] success...
[2016-02-27 11:15:00 AM root INFO atm]:  repay -300.0 for account [4392600137250005] success...
[2016-02-27 11:15:00 AM root INFO atm]:  repay -200.0 for account [4392600137250005] success...
[2016-02-27 11:15:00 AM root INFO atm]:  generate bill for account [4392600137250005] success...
[2016-02-27 11:15:00 AM root INFO atm]:  repay -2000.0 for account [4392600137250005] success...
[2016-02-27 11:17:48 AM root INFO atm]:  generate bill for account [4392600137250005] success...
[2016-02-27 11:20:35 AM root INFO atm]:  generate bill for account [4392600137250005] success...
[2016-02-27 11:21:49 AM root INFO atm]:  generate bill for account [4392600137250005] success...
[2016-02-27 11:21:50 AM root INFO atm]:  repay -300.0 for account [4392600137250005] success...
[2016-02-27 11:21:50 AM root INFO atm]:  repay -200.0 for account [4392600137250005] success...
[2016-02-27 11:21:52 AM root INFO atm]:  generate bill for account [4392600137250005] success...
[2016-02-27 11:21:53 AM root INFO atm]:  repay -2000.0 for account [4392600137250005] success...
[2016-02-27 11:24:10 AM root INFO atm]:  generate bill for account [4392600137250005] success...
[2016-02-27 11:24:11 AM root INFO atm]:  repay -300.0 for account [4392600137250005] success...
[2016-02-27 11:24:11 AM root INFO atm]:  repay -200.0 for account [4392600137250005] success...
[2016-02-27 11:24:13 AM root INFO atm]:  generate bill for account [4392600137250005] success...
[2016-02-27 11:24:14 AM root INFO atm]:  repay -2000.0 for account [4392600137250005] success...
[2016-02-27 11:27:02 AM root INFO atm]:  generate bill for account [4392600137250005] success...
[2016-02-27 11:27:03 AM root INFO atm]:  repay -300.0 for account [4392600137250005] success...
[2016-02-27 11:27:03 AM root INFO atm]:  repay -200.0 for account [4392600137250005] success...
[2016-02-27 11:27:05 AM root INFO atm]:  generate bill for account [4392600137250005] success...
[2016-02-27 11:27:06 AM root INFO atm]:  repay -2000.0 for account [4392600137250005] success...
[2016-02-27 11:30:43 AM root INFO atm]:  generate bill for account [4392600137250005] success...
[2016-02-27 11:31:13 AM root INFO atm]:  generate bill for account [4392600137250005] success...
[2016-02-27 11:31:13 AM root INFO atm]:  repay -300.0 for account [4392600137250005] success...
[2016-02-27 11:33:52 AM root INFO atm]:  generate bill for account [4392600137250005] success...
[2016-02-27 11:33:52 AM root INFO atm]:  repay -300.0 for account [4392600137250005] success...
[2016-02-27 11:41:37 AM root INFO atm]:  generate bill for account [4392600137250005] success...
[2016-02-27 11:41:37 AM root INFO atm]:  repay -300.0 for account [4392600137250005] success...
[2016-02-27 11:42:40 AM root INFO atm]:  generate bill for account [4392600137250005] success...
[2016-02-27 11:42:41 AM root INFO atm]:  repay -300.0 for account [4392600137250005] success...
[2016-02-27 11:42:41 AM root INFO atm]:  repay -200.0 for account [4392600137250005] success...
[2016-02-27 11:42:43 AM root INFO atm]:  generate bill for account [4392600137250005] success...
[2016-02-27 11:42:44 AM root INFO atm]:  repay -2000.0 for account [4392600137250005] success...
[2016-02-27 11:47:22 AM root INFO atm]:  generate bill for account [4392600137250005] success...
[2016-02-27 11:47:23 AM root INFO atm]:  repay -300.0 for account [4392600137250005] success...
[2016-02-27 11:47:23 AM root INFO atm]:  repay -200.0 for account [4392600137250005] success...
[2016-02-27 11:47:25 AM root INFO atm]:  generate bill for account [4392600137250005] success...
[2016-02-27 11:47:26 AM root INFO atm]:  repay -2000.0 for account [4392600137250005] success...
[2016-02-27 11:52:03 AM root INFO atm]:  generate bill for account [4392600137250005] success...
[2016-02-27 11:52:04 AM root INFO atm]:  repay -300.0 for account [4392600137250005] success...
[2016-02-27 11:52:04 AM root INFO atm]:  repay -200.0 for account [4392600137250005] success...
[2016-02-27 11:52:42 AM root INFO atm]:  generate bill for account [4392600137250005] success...
[2016-02-27 11:52:43 AM root INFO atm]:  repay -300.0 for account [4392600137250005] success...
[2016-02-27 11:52:43 AM root INFO atm]:  repay -200.0 for account [4392600137250005] success...
[2016-02-27 11:52:45 AM root INFO atm]:  generate bill for account [4392600137250005] success...
[2016-02-27 11:52:46 AM root INFO atm]:  repay -2000.0 for account [4392600137250005] success...
[2016-02-27 11:53:04 AM root INFO atm]:  generate bill for account [4392600137250005] success...
[2016-02-27 11:53:05 AM root INFO atm]:  repay -300.0 for account [4392600137250005] success...
[2016-02-27 11:53:05 AM root INFO atm]:  repay -200.0 for account [4392600137250005] success...
[2016-02-27 11:53:07 AM root INFO atm]:  generate bill for account [4392600137250005] success...
[2016-02-27 11:53:08 AM root INFO atm]:  repay -2000.0 for account [4392600137250005] success...
[2016-02-27 11:56:24 AM root INFO atm]:  generate bill for account [4392600137250005] success...
[2016-02-27 11:56:25 AM root INFO atm]:  repay -300.0 for account [4392600137250005] success...
[2016-02-27 11:56:25 AM root INFO atm]:  repay -200.0 for account [4392600137250005] success...
[2016-02-27 11:56:27 AM root INFO atm]:  generate bill for account [4392600137250005] success...
[2016-02-27 11:56:28 AM root INFO atm]:  repay -2000.0 for account [4392600137250005] success...
[2016-02-27 11:58:28 AM root INFO atm]:  generate bill for account [4392600137250005] success...
[2016-02-27 11:58:29 AM root INFO atm]:  repay -300.0 for account [4392600137250005] success...
[2016-02-27 11:58:29 AM root INFO atm]:  repay -200.0 for account [4392600137250005] success...
[2016-02-27 11:58:31 AM root INFO atm]:  generate bill for account [4392600137250005] success...
[2016-02-27 11:58:32 AM root INFO atm]:  repay -2000.0 for account [4392600137250005] success...
[2016-02-27 12:08:25 PM root INFO atm]:  generate bill for account [4392600137250005] success...
[2016-02-27 12:08:26 PM root INFO atm]:  repay -300.0 for account [4392600137250005] success...
[2016-02-27 12:08:26 PM root INFO atm]:  repay -200.0 for account [4392600137250005] success...
[2016-02-27 12:08:28 PM root INFO atm]:  generate bill for account [4392600137250005] success...
[2016-02-27 12:08:29 PM root INFO atm]:  repay -2000.0 for account [4392600137250005] success...
[2016-02-27 12:13:12 PM root INFO atm]:  generate bill for account [4392600137250005] success...
[2016-02-27 12:13:13 PM root INFO atm]:  repay -300.0 for account [4392600137250005] success...
[2016-02-27 12:13:13 PM root INFO atm]:  repay -200.0 for account [4392600137250005] success...
[2016-02-27 12:13:15 PM root INFO atm]:  generate bill for account [4392600137250005] success...
[2016-02-27 12:13:16 PM root INFO atm]:  repay -2000.0 for account [4392600137250005] success...
[2016-02-27 12:14:24 PM root INFO atm]:  generate bill for account [4392600137250005] success...
[2016-02-27 12:14:25 PM root INFO atm]:  repay -300.0 for account [4392600137250005] success...
[2016-02-27 12:14:25 PM root INFO atm]:  repay -200.0 for account [4392600137250005] success...
[2016-02-27 12:14:27 PM root INFO atm]:  generate bill for account [4392600137250005] success...
[2016-02-27 12:14:28 PM root INFO atm]:  repay -2000.0 for account [4392600137250005] success...
[2016-02-27 12:15:43 PM root INFO atm]:  generate bill for account [4392600137250005] success...
[2016-02-27 12:15:44 PM root INFO atm]:  repay -300.0 for account [4392600137250005] success...
[2016-02-27 12:15:44 PM root INFO atm]:  repay -200.0 for account [4392600137250005] success...
[2016-02-27 12:15:46 PM root INFO atm]:  generate bill for account [4392600137250005] success...
[2016-02-27 12:15:47 PM root INFO atm]:  repay -2000.0 for account [4392600137250005] success...
